# JRE version: OpenJDK Runtime Environment (8.0_112-b06) (build 1.8.0_112-release-b06)
# Java VM: OpenJDK 64-Bit Server VM (25.112-b06 mixed mode windows-amd64 compressed oops)
Heap:
 PSYoungGen      total 180224K, used 70346K [0x00000000e0000000, 0x00000000ecb00000, 0x0000000100000000)
  eden space 157696K, 40% used [0x00000000e0000000,0x00000000e3e65538,0x00000000e9a00000)
  from space 22528K, 28% used [0x00000000eb500000,0x00000000ebb4d480,0x00000000ecb00000)
  to   space 25088K, 0% used [0x00000000e9a00000,0x00000000e9a00000,0x00000000eb280000)
 ParOldGen       total 228864K, used 52073K [0x00000000a0000000, 0x00000000adf80000, 0x00000000e0000000)
  object space 228864K, 22% used [0x00000000a0000000,0x00000000a32da470,0x00000000adf80000)
 Metaspace       used 62505K, capacity 65682K, committed 65880K, reserved 1105920K
  class space    used 8352K, capacity 8966K, committed 9088K, reserved 1048576K
GC Heap History (10 events):
Event: 89.590 GC heap before
{Heap before GC invocations=15 (full 3):
 PSYoungGen      total 146432K, used 122368K [0x00000000e0000000, 0x00000000ebf00000, 0x0000000100000000)
  eden space 122368K, 100% used [0x00000000e0000000,0x00000000e7780000,0x00000000e7780000)
  from space 24064K, 0% used [0x00000000e7780000,0x00000000e7780000,0x00000000e8f00000)
  to   space 28160K, 0% used [0x00000000ea380000,0x00000000ea380000,0x00000000ebf00000)
 ParOldGen       total 228864K, used 52033K [0x00000000a0000000, 0x00000000adf80000, 0x00000000e0000000)
  object space 228864K, 22% used [0x00000000a0000000,0x00000000a32d0470,0x00000000adf80000)
 Metaspace       used 58392K, capacity 61004K, committed 61144K, reserved 1101824K
  class space    used 7892K, capacity 8421K, committed 8448K, reserved 1048576K
Event: 89.680 GC heap after
Heap after GC invocations=15 (full 3):
 PSYoungGen      total 164352K, used 5890K [0x00000000e0000000, 0x00000000ebd80000, 0x0000000100000000)
  eden space 137728K, 0% used [0x00000000e0000000,0x00000000e0000000,0x00000000e8680000)
  from space 26624K, 22% used [0x00000000ea380000,0x00000000ea940990,0x00000000ebd80000)
  to   space 28160K, 0% used [0x00000000e8680000,0x00000000e8680000,0x00000000ea200000)
 ParOldGen       total 228864K, used 52041K [0x00000000a0000000, 0x00000000adf80000, 0x00000000e0000000)
  object space 228864K, 22% used [0x00000000a0000000,0x00000000a32d2470,0x00000000adf80000)
 Metaspace       used 58392K, capacity 61004K, committed 61144K, reserved 1101824K
  class space    used 7892K, capacity 8421K, committed 8448K, reserved 1048576K
}
Event: 102.211 GC heap before
{Heap before GC invocations=16 (full 3):
 PSYoungGen      total 164352K, used 143618K [0x00000000e0000000, 0x00000000ebd80000, 0x0000000100000000)
  eden space 137728K, 100% used [0x00000000e0000000,0x00000000e8680000,0x00000000e8680000)
  from space 26624K, 22% used [0x00000000ea380000,0x00000000ea940990,0x00000000ebd80000)
  to   space 28160K, 0% used [0x00000000e8680000,0x00000000e8680000,0x00000000ea200000)
 ParOldGen       total 228864K, used 52041K [0x00000000a0000000, 0x00000000adf80000, 0x00000000e0000000)
  object space 228864K, 22% used [0x00000000a0000000,0x00000000a32d2470,0x00000000adf80000)
 Metaspace       used 59677K, capacity 62426K, committed 62680K, reserved 1103872K
  class space    used 8058K, capacity 8622K, committed 8704K, reserved 1048576K
Event: 102.229 GC heap after
Heap after GC invocations=16 (full 3):
 PSYoungGen      total 165888K, used 9886K [0x00000000e0000000, 0x00000000ec900000, 0x0000000100000000)
  eden space 137728K, 0% used [0x00000000e0000000,0x00000000e0000000,0x00000000e8680000)
  from space 28160K, 35% used [0x00000000e8680000,0x00000000e9027b28,0x00000000ea200000)
  to   space 27136K, 0% used [0x00000000eae80000,0x00000000eae80000,0x00000000ec900000)
 ParOldGen       total 228864K, used 52049K [0x00000000a0000000, 0x00000000adf80000, 0x00000000e0000000)
  object space 228864K, 22% used [0x00000000a0000000,0x00000000a32d4470,0x00000000adf80000)
 Metaspace       used 59677K, capacity 62426K, committed 62680K, reserved 1103872K
  class space    used 8058K, capacity 8622K, committed 8704K, reserved 1048576K
}
Event: 495.099 GC heap before
{Heap before GC invocations=17 (full 3):
 PSYoungGen      total 165888K, used 147614K [0x00000000e0000000, 0x00000000ec900000, 0x0000000100000000)
  eden space 137728K, 100% used [0x00000000e0000000,0x00000000e8680000,0x00000000e8680000)
  from space 28160K, 35% used [0x00000000e8680000,0x00000000e9027b28,0x00000000ea200000)
  to   space 27136K, 0% used [0x00000000eae80000,0x00000000eae80000,0x00000000ec900000)
 ParOldGen       total 228864K, used 52049K [0x00000000a0000000, 0x00000000adf80000, 0x00000000e0000000)
  object space 228864K, 22% used [0x00000000a0000000,0x00000000a32d4470,0x00000000adf80000)
 Metaspace       used 61184K, capacity 64156K, committed 64344K, reserved 1105920K
  class space    used 8255K, capacity 8821K, committed 8832K, reserved 1048576K
Event: 495.114 GC heap after
Heap after GC invocations=17 (full 3):
 PSYoungGen      total 172544K, used 6654K [0x00000000e0000000, 0x00000000ec580000, 0x0000000100000000)
  eden space 148992K, 0% used [0x00000000e0000000,0x00000000e0000000,0x00000000e9180000)
  from space 23552K, 28% used [0x00000000eae80000,0x00000000eb4ffa88,0x00000000ec580000)
  to   space 26624K, 0% used [0x00000000e9180000,0x00000000e9180000,0x00000000eab80000)
 ParOldGen       total 228864K, used 52057K [0x00000000a0000000, 0x00000000adf80000, 0x00000000e0000000)
  object space 228864K, 22% used [0x00000000a0000000,0x00000000a32d6470,0x00000000adf80000)
 Metaspace       used 61184K, capacity 64156K, committed 64344K, reserved 1105920K
  class space    used 8255K, capacity 8821K, committed 8832K, reserved 1048576K
}
Event: 498.264 GC heap before
{Heap before GC invocations=18 (full 3):
 PSYoungGen      total 172544K, used 155646K [0x00000000e0000000, 0x00000000ec580000, 0x0000000100000000)
  eden space 148992K, 100% used [0x00000000e0000000,0x00000000e9180000,0x00000000e9180000)
  from space 23552K, 28% used [0x00000000eae80000,0x00000000eb4ffa88,0x00000000ec580000)
  to   space 26624K, 0% used [0x00000000e9180000,0x00000000e9180000,0x00000000eab80000)
 ParOldGen       total 228864K, used 52057K [0x00000000a0000000, 0x00000000adf80000, 0x00000000e0000000)
  object space 228864K, 22% used [0x00000000a0000000,0x00000000a32d6470,0x00000000adf80000)
 Metaspace       used 62138K, capacity 65244K, committed 65496K, reserved 1105920K
  class space    used 8336K, capacity 8943K, committed 8960K, reserved 1048576K
Event: 498.280 GC heap after
Heap after GC invocations=18 (full 3):
 PSYoungGen      total 175616K, used 9714K [0x00000000e0000000, 0x00000000ece00000, 0x0000000100000000)
  eden space 148992K, 0% used [0x00000000e0000000,0x00000000e0000000,0x00000000e9180000)
  from space 26624K, 36% used [0x00000000e9180000,0x00000000e9afcbc8,0x00000000eab80000)
  to   space 25600K, 0% used [0x00000000eb500000,0x00000000eb500000,0x00000000ece00000)
 ParOldGen       total 228864K, used 52065K [0x00000000a0000000, 0x00000000adf80000, 0x00000000e0000000)
  object space 228864K, 22% used [0x00000000a0000000,0x00000000a32d8470,0x00000000adf80000)
 Metaspace       used 62138K, capacity 65244K, committed 65496K, reserved 1105920K
  class space    used 8336K, capacity 8943K, committed 8960K, reserved 1048576K
}
Event: 553.394 GC heap before
{Heap before GC invocations=19 (full 3):
 PSYoungGen      total 175616K, used 158706K [0x00000000e0000000, 0x00000000ece00000, 0x0000000100000000)
  eden space 148992K, 100% used [0x00000000e0000000,0x00000000e9180000,0x00000000e9180000)
  from space 26624K, 36% used [0x00000000e9180000,0x00000000e9afcbc8,0x00000000eab80000)
  to   space 25600K, 0% used [0x00000000eb500000,0x00000000eb500000,0x00000000ece00000)
 ParOldGen       total 228864K, used 52065K [0x00000000a0000000, 0x00000000adf80000, 0x00000000e0000000)
  object space 228864K, 22% used [0x00000000a0000000,0x00000000a32d8470,0x00000000adf80000)
 Metaspace       used 62296K, capacity 65472K, committed 65496K, reserved 1105920K
  class space    used 8345K, capacity 8953K, committed 8960K, reserved 1048576K
Event: 553.491 GC heap after
Heap after GC invocations=19 (full 3):
 PSYoungGen      total 180224K, used 6453K [0x00000000e0000000, 0x00000000ecb00000, 0x0000000100000000)
  eden space 157696K, 0% used [0x00000000e0000000,0x00000000e0000000,0x00000000e9a00000)
  from space 22528K, 28% used [0x00000000eb500000,0x00000000ebb4d480,0x00000000ecb00000)
  to   space 25088K, 0% used [0x00000000e9a00000,0x00000000e9a00000,0x00000000eb280000)
 ParOldGen       total 228864K, used 52073K [0x00000000a0000000, 0x00000000adf80000, 0x00000000e0000000)
  object space 228864K, 22% used [0x00000000a0000000,0x00000000a32da470,0x00000000adf80000)
 Metaspace       used 62296K, capacity 65472K, committed 65496K, reserved 1105920K
  class space    used 8345K, capacity 8953K, committed 8960K, reserved 1048576K
}

