# JRE version: OpenJDK Runtime Environment (8.0_112-b06) (build 1.8.0_112-release-b06)
# Java VM: OpenJDK 64-Bit Server VM (25.112-b06 mixed mode windows-amd64 compressed oops)
Heap:
 PSYoungGen      total 263168K, used 223672K [0x00000000e0000000, 0x00000000f2380000, 0x0000000100000000)
  eden space 242176K, 92% used [0x00000000e0000000,0x00000000eda6e170,0x00000000eec80000)
  from space 20992K, 0% used [0x00000000f0f00000,0x00000000f0f00000,0x00000000f2380000)
  to   space 28160K, 0% used [0x00000000eec80000,0x00000000eec80000,0x00000000f0800000)
 ParOldGen       total 150528K, used 40933K [0x00000000a0000000, 0x00000000a9300000, 0x00000000e0000000)
  object space 150528K, 27% used [0x00000000a0000000,0x00000000a27f97f0,0x00000000a9300000)
 Metaspace       used 65009K, capacity 67646K, committed 67928K, reserved 1107968K
  class space    used 8701K, capacity 9252K, committed 9344K, reserved 1048576K
GC Heap History (10 events):
Event: 42.297 GC heap before
{Heap before GC invocations=9 (full 2):
 PSYoungGen      total 149504K, used 135680K [0x00000000e0000000, 0x00000000ee500000, 0x0000000100000000)
  eden space 135680K, 100% used [0x00000000e0000000,0x00000000e8480000,0x00000000e8480000)
  from space 13824K, 0% used [0x00000000e9180000,0x00000000e9180000,0x00000000e9f00000)
  to   space 13312K, 0% used [0x00000000e8480000,0x00000000e8480000,0x00000000e9180000)
 ParOldGen       total 100352K, used 18753K [0x00000000a0000000, 0x00000000a6200000, 0x00000000e0000000)
  object space 100352K, 18% used [0x00000000a0000000,0x00000000a1250628,0x00000000a6200000)
 Metaspace       used 42797K, capacity 43756K, committed 44032K, reserved 1087488K
  class space    used 5764K, capacity 6046K, committed 6144K, reserved 1048576K
Event: 42.375 GC heap after
Heap after GC invocations=9 (full 2):
 PSYoungGen      total 148992K, used 12211K [0x00000000e0000000, 0x00000000ee580000, 0x0000000100000000)
  eden space 135680K, 0% used [0x00000000e0000000,0x00000000e0000000,0x00000000e8480000)
  from space 13312K, 91% used [0x00000000e8480000,0x00000000e906cd68,0x00000000e9180000)
  to   space 14848K, 0% used [0x00000000ed700000,0x00000000ed700000,0x00000000ee580000)
 ParOldGen       total 100352K, used 18761K [0x00000000a0000000, 0x00000000a6200000, 0x00000000e0000000)
  object space 100352K, 18% used [0x00000000a0000000,0x00000000a1252628,0x00000000a6200000)
 Metaspace       used 42797K, capacity 43756K, committed 44032K, reserved 1087488K
  class space    used 5764K, capacity 6046K, committed 6144K, reserved 1048576K
}
Event: 46.407 GC heap before
{Heap before GC invocations=10 (full 2):
 PSYoungGen      total 148992K, used 147891K [0x00000000e0000000, 0x00000000ee580000, 0x0000000100000000)
  eden space 135680K, 100% used [0x00000000e0000000,0x00000000e8480000,0x00000000e8480000)
  from space 13312K, 91% used [0x00000000e8480000,0x00000000e906cd68,0x00000000e9180000)
  to   space 14848K, 0% used [0x00000000ed700000,0x00000000ed700000,0x00000000ee580000)
 ParOldGen       total 100352K, used 18761K [0x00000000a0000000, 0x00000000a6200000, 0x00000000e0000000)
  object space 100352K, 18% used [0x00000000a0000000,0x00000000a1252628,0x00000000a6200000)
 Metaspace       used 47690K, capacity 49168K, committed 49408K, reserved 1091584K
  class space    used 6465K, capacity 6820K, committed 6912K, reserved 1048576K
Event: 46.444 GC heap after
Heap after GC invocations=10 (full 2):
 PSYoungGen      total 214016K, used 14829K [0x00000000e0000000, 0x00000000ee680000, 0x0000000100000000)
  eden space 199168K, 0% used [0x00000000e0000000,0x00000000e0000000,0x00000000ec280000)
  from space 14848K, 99% used [0x00000000ed700000,0x00000000ee57b6b8,0x00000000ee580000)
  to   space 18432K, 0% used [0x00000000ec280000,0x00000000ec280000,0x00000000ed480000)
 ParOldGen       total 100352K, used 22829K [0x00000000a0000000, 0x00000000a6200000, 0x00000000e0000000)
  object space 100352K, 22% used [0x00000000a0000000,0x00000000a164b6e8,0x00000000a6200000)
 Metaspace       used 47690K, capacity 49168K, committed 49408K, reserved 1091584K
  class space    used 6465K, capacity 6820K, committed 6912K, reserved 1048576K
}
Event: 56.230 GC heap before
{Heap before GC invocations=11 (full 2):
 PSYoungGen      total 214016K, used 213997K [0x00000000e0000000, 0x00000000ee680000, 0x0000000100000000)
  eden space 199168K, 100% used [0x00000000e0000000,0x00000000ec280000,0x00000000ec280000)
  from space 14848K, 99% used [0x00000000ed700000,0x00000000ee57b6b8,0x00000000ee580000)
  to   space 18432K, 0% used [0x00000000ec280000,0x00000000ec280000,0x00000000ed480000)
 ParOldGen       total 100352K, used 22829K [0x00000000a0000000, 0x00000000a6200000, 0x00000000e0000000)
  object space 100352K, 22% used [0x00000000a0000000,0x00000000a164b6e8,0x00000000a6200000)
 Metaspace       used 53912K, capacity 56212K, committed 56448K, reserved 1097728K
  class space    used 7325K, capacity 7797K, committed 7808K, reserved 1048576K
Event: 56.330 GC heap after
Heap after GC invocations=11 (full 2):
 PSYoungGen      total 217600K, used 18416K [0x00000000e0000000, 0x00000000f2980000, 0x0000000100000000)
  eden space 199168K, 0% used [0x00000000e0000000,0x00000000e0000000,0x00000000ec280000)
  from space 18432K, 99% used [0x00000000ec280000,0x00000000ed47c228,0x00000000ed480000)
  to   space 27136K, 0% used [0x00000000f0f00000,0x00000000f0f00000,0x00000000f2980000)
 ParOldGen       total 100352K, used 37367K [0x00000000a0000000, 0x00000000a6200000, 0x00000000e0000000)
  object space 100352K, 37% used [0x00000000a0000000,0x00000000a247de40,0x00000000a6200000)
 Metaspace       used 53912K, capacity 56212K, committed 56448K, reserved 1097728K
  class space    used 7325K, capacity 7797K, committed 7808K, reserved 1048576K
}
Event: 839.309 GC heap before
{Heap before GC invocations=12 (full 2):
 PSYoungGen      total 217600K, used 100528K [0x00000000e0000000, 0x00000000f2980000, 0x0000000100000000)
  eden space 199168K, 41% used [0x00000000e0000000,0x00000000e5030078,0x00000000ec280000)
  from space 18432K, 99% used [0x00000000ec280000,0x00000000ed47c228,0x00000000ed480000)
  to   space 27136K, 0% used [0x00000000f0f00000,0x00000000f0f00000,0x00000000f2980000)
 ParOldGen       total 100352K, used 37367K [0x00000000a0000000, 0x00000000a6200000, 0x00000000e0000000)
  object space 100352K, 37% used [0x00000000a0000000,0x00000000a247de40,0x00000000a6200000)
 Metaspace       used 56623K, capacity 59000K, committed 59096K, reserved 1099776K
  class space    used 7626K, capacity 8157K, committed 8192K, reserved 1048576K
Event: 839.396 GC heap after
Heap after GC invocations=12 (full 2):
 PSYoungGen      total 263168K, used 20080K [0x00000000e0000000, 0x00000000f2380000, 0x0000000100000000)
  eden space 242176K, 0% used [0x00000000e0000000,0x00000000e0000000,0x00000000eec80000)
  from space 20992K, 95% used [0x00000000f0f00000,0x00000000f229c040,0x00000000f2380000)
  to   space 28160K, 0% used [0x00000000eec80000,0x00000000eec80000,0x00000000f0800000)
 ParOldGen       total 100352K, used 41320K [0x00000000a0000000, 0x00000000a6200000, 0x00000000e0000000)
  object space 100352K, 41% used [0x00000000a0000000,0x00000000a285a028,0x00000000a6200000)
 Metaspace       used 56623K, capacity 59000K, committed 59096K, reserved 1099776K
  class space    used 7626K, capacity 8157K, committed 8192K, reserved 1048576K
}
Event: 839.396 GC heap before
{Heap before GC invocations=13 (full 3):
 PSYoungGen      total 263168K, used 20080K [0x00000000e0000000, 0x00000000f2380000, 0x0000000100000000)
  eden space 242176K, 0% used [0x00000000e0000000,0x00000000e0000000,0x00000000eec80000)
  from space 20992K, 95% used [0x00000000f0f00000,0x00000000f229c040,0x00000000f2380000)
  to   space 28160K, 0% used [0x00000000eec80000,0x00000000eec80000,0x00000000f0800000)
 ParOldGen       total 100352K, used 41320K [0x00000000a0000000, 0x00000000a6200000, 0x00000000e0000000)
  object space 100352K, 41% used [0x00000000a0000000,0x00000000a285a028,0x00000000a6200000)
 Metaspace       used 56623K, capacity 59000K, committed 59096K, reserved 1099776K
  class space    used 7626K, capacity 8157K, committed 8192K, reserved 1048576K
Event: 839.760 GC heap after
Heap after GC invocations=13 (full 3):
 PSYoungGen      total 263168K, used 0K [0x00000000e0000000, 0x00000000f2380000, 0x0000000100000000)
  eden space 242176K, 0% used [0x00000000e0000000,0x00000000e0000000,0x00000000eec80000)
  from space 20992K, 0% used [0x00000000f0f00000,0x00000000f0f00000,0x00000000f2380000)
  to   space 28160K, 0% used [0x00000000eec80000,0x00000000eec80000,0x00000000f0800000)
 ParOldGen       total 150528K, used 40933K [0x00000000a0000000, 0x00000000a9300000, 0x00000000e0000000)
  object space 150528K, 27% used [0x00000000a0000000,0x00000000a27f97f0,0x00000000a9300000)
 Metaspace       used 56623K, capacity 59000K, committed 59096K, reserved 1099776K
  class space    used 7626K, capacity 8157K, committed 8192K, reserved 1048576K
}

