# JRE version: OpenJDK Runtime Environment (8.0_112-b06) (build 1.8.0_112-release-b06)
# Java VM: OpenJDK 64-Bit Server VM (25.112-b06 mixed mode windows-amd64 compressed oops)
Heap:
 PSYoungGen      total 426496K, used 128439K [0x00000000e0000000, 0x0000000100000000, 0x0000000100000000)
  eden space 425984K, 30% used [0x00000000e0000000,0x00000000e7d6dcd8,0x00000000fa000000)
  from space 512K, 0% used [0x00000000fa000000,0x00000000fa000000,0x00000000fa080000)
  to   space 49664K, 0% used [0x00000000fcf80000,0x00000000fcf80000,0x0000000100000000)
 ParOldGen       total 167424K, used 54170K [0x00000000a0000000, 0x00000000aa380000, 0x00000000e0000000)
  object space 167424K, 32% used [0x00000000a0000000,0x00000000a34e6828,0x00000000aa380000)
 Metaspace       used 79471K, capacity 85346K, committed 87552K, reserved 1126400K
  class space    used 9946K, capacity 10704K, committed 11264K, reserved 1048576K
GC Heap History (10 events):
Event: 10858.760 GC heap before
{Heap before GC invocations=46 (full 4):
 PSYoungGen      total 488448K, used 473107K [0x00000000e0000000, 0x00000000fff00000, 0x0000000100000000)
  eden space 455680K, 100% used [0x00000000e0000000,0x00000000fbd00000,0x00000000fbd00000)
  from space 32768K, 53% used [0x00000000fbd00000,0x00000000fce04eb8,0x00000000fdd00000)
  to   space 32256K, 0% used [0x00000000fdf80000,0x00000000fdf80000,0x00000000fff00000)
 ParOldGen       total 177664K, used 110819K [0x00000000a0000000, 0x00000000aad80000, 0x00000000e0000000)
  object space 177664K, 62% used [0x00000000a0000000,0x00000000a6c38d40,0x00000000aad80000)
 Metaspace       used 80629K, capacity 87124K, committed 87296K, reserved 1126400K
  class space    used 10229K, capacity 11157K, committed 11264K, reserved 1048576K
Event: 10858.774 GC heap after
Heap after GC invocations=46 (full 4):
 PSYoungGen      total 490496K, used 704K [0x00000000e0000000, 0x0000000100000000, 0x0000000100000000)
  eden space 458240K, 0% used [0x00000000e0000000,0x00000000e0000000,0x00000000fbf80000)
  from space 32256K, 2% used [0x00000000fdf80000,0x00000000fe030000,0x00000000fff00000)
  to   space 32768K, 0% used [0x00000000fbf80000,0x00000000fbf80000,0x00000000fdf80000)
 ParOldGen       total 177664K, used 110827K [0x00000000a0000000, 0x00000000aad80000, 0x00000000e0000000)
  object space 177664K, 62% used [0x00000000a0000000,0x00000000a6c3ad40,0x00000000aad80000)
 Metaspace       used 80629K, capacity 87124K, committed 87296K, reserved 1126400K
  class space    used 10229K, capacity 11157K, committed 11264K, reserved 1048576K
}
Event: 10877.012 GC heap before
{Heap before GC invocations=47 (full 4):
 PSYoungGen      total 490496K, used 458944K [0x00000000e0000000, 0x0000000100000000, 0x0000000100000000)
  eden space 458240K, 100% used [0x00000000e0000000,0x00000000fbf80000,0x00000000fbf80000)
  from space 32256K, 2% used [0x00000000fdf80000,0x00000000fe030000,0x00000000fff00000)
  to   space 32768K, 0% used [0x00000000fbf80000,0x00000000fbf80000,0x00000000fdf80000)
 ParOldGen       total 177664K, used 110827K [0x00000000a0000000, 0x00000000aad80000, 0x00000000e0000000)
  object space 177664K, 62% used [0x00000000a0000000,0x00000000a6c3ad40,0x00000000aad80000)
 Metaspace       used 80782K, capacity 87362K, committed 87552K, reserved 1126400K
  class space    used 10245K, capacity 11179K, committed 11264K, reserved 1048576K
Event: 10877.122 GC heap after
Heap after GC invocations=47 (full 4):
 PSYoungGen      total 491008K, used 32749K [0x00000000e0000000, 0x0000000100000000, 0x0000000100000000)
  eden space 458240K, 0% used [0x00000000e0000000,0x00000000e0000000,0x00000000fbf80000)
  from space 32768K, 99% used [0x00000000fbf80000,0x00000000fdf7b5b0,0x00000000fdf80000)
  to   space 33280K, 0% used [0x00000000fdf80000,0x00000000fdf80000,0x0000000100000000)
 ParOldGen       total 177664K, used 125061K [0x00000000a0000000, 0x00000000aad80000, 0x00000000e0000000)
  object space 177664K, 70% used [0x00000000a0000000,0x00000000a7a21750,0x00000000aad80000)
 Metaspace       used 80782K, capacity 87362K, committed 87552K, reserved 1126400K
  class space    used 10245K, capacity 11179K, committed 11264K, reserved 1048576K
}
Event: 10885.956 GC heap before
{Heap before GC invocations=48 (full 4):
 PSYoungGen      total 491008K, used 490958K [0x00000000e0000000, 0x0000000100000000, 0x0000000100000000)
  eden space 458240K, 99% used [0x00000000e0000000,0x00000000fbf783b0,0x00000000fbf80000)
  from space 32768K, 99% used [0x00000000fbf80000,0x00000000fdf7b5b0,0x00000000fdf80000)
  to   space 33280K, 0% used [0x00000000fdf80000,0x00000000fdf80000,0x0000000100000000)
 ParOldGen       total 177664K, used 125061K [0x00000000a0000000, 0x00000000aad80000, 0x00000000e0000000)
  object space 177664K, 70% used [0x00000000a0000000,0x00000000a7a21750,0x00000000aad80000)
 Metaspace       used 80797K, capacity 87366K, committed 87552K, reserved 1126400K
  class space    used 10245K, capacity 11179K, committed 11264K, reserved 1048576K
Event: 10886.021 GC heap after
Heap after GC invocations=48 (full 4):
 PSYoungGen      total 459264K, used 33270K [0x00000000e0000000, 0x0000000100000000, 0x0000000100000000)
  eden space 425984K, 0% used [0x00000000e0000000,0x00000000e0000000,0x00000000fa000000)
  from space 33280K, 99% used [0x00000000fdf80000,0x00000000ffffdb08,0x0000000100000000)
  to   space 49152K, 0% used [0x00000000fa000000,0x00000000fa000000,0x00000000fd000000)
 ParOldGen       total 177664K, used 131927K [0x00000000a0000000, 0x00000000aad80000, 0x00000000e0000000)
  object space 177664K, 74% used [0x00000000a0000000,0x00000000a80d5e98,0x00000000aad80000)
 Metaspace       used 80797K, capacity 87366K, committed 87552K, reserved 1126400K
  class space    used 10245K, capacity 11179K, committed 11264K, reserved 1048576K
}
Event: 10886.098 GC heap before
{Heap before GC invocations=49 (full 4):
 PSYoungGen      total 459264K, used 458903K [0x00000000e0000000, 0x0000000100000000, 0x0000000100000000)
  eden space 425984K, 99% used [0x00000000e0000000,0x00000000f9fa83d8,0x00000000fa000000)
  from space 33280K, 99% used [0x00000000fdf80000,0x00000000ffffdb08,0x0000000100000000)
  to   space 49152K, 0% used [0x00000000fa000000,0x00000000fa000000,0x00000000fd000000)
 ParOldGen       total 177664K, used 131927K [0x00000000a0000000, 0x00000000aad80000, 0x00000000e0000000)
  object space 177664K, 74% used [0x00000000a0000000,0x00000000a80d5e98,0x00000000aad80000)
 Metaspace       used 80798K, capacity 87366K, committed 87552K, reserved 1126400K
  class space    used 10245K, capacity 11179K, committed 11264K, reserved 1048576K
Event: 10886.155 GC heap after
Heap after GC invocations=49 (full 4):
 PSYoungGen      total 426496K, used 96K [0x00000000e0000000, 0x0000000100000000, 0x0000000100000000)
  eden space 425984K, 0% used [0x00000000e0000000,0x00000000e0000000,0x00000000fa000000)
  from space 512K, 18% used [0x00000000fa000000,0x00000000fa018000,0x00000000fa080000)
  to   space 49664K, 0% used [0x00000000fcf80000,0x00000000fcf80000,0x0000000100000000)
 ParOldGen       total 177664K, used 162099K [0x00000000a0000000, 0x00000000aad80000, 0x00000000e0000000)
  object space 177664K, 91% used [0x00000000a0000000,0x00000000a9e4ce10,0x00000000aad80000)
 Metaspace       used 80798K, capacity 87366K, committed 87552K, reserved 1126400K
  class space    used 10245K, capacity 11179K, committed 11264K, reserved 1048576K
}
Event: 10886.155 GC heap before
{Heap before GC invocations=50 (full 5):
 PSYoungGen      total 426496K, used 96K [0x00000000e0000000, 0x0000000100000000, 0x0000000100000000)
  eden space 425984K, 0% used [0x00000000e0000000,0x00000000e0000000,0x00000000fa000000)
  from space 512K, 18% used [0x00000000fa000000,0x00000000fa018000,0x00000000fa080000)
  to   space 49664K, 0% used [0x00000000fcf80000,0x00000000fcf80000,0x0000000100000000)
 ParOldGen       total 177664K, used 162099K [0x00000000a0000000, 0x00000000aad80000, 0x00000000e0000000)
  object space 177664K, 91% used [0x00000000a0000000,0x00000000a9e4ce10,0x00000000aad80000)
 Metaspace       used 80798K, capacity 87366K, committed 87552K, reserved 1126400K
  class space    used 10245K, capacity 11179K, committed 11264K, reserved 1048576K
Event: 10886.627 GC heap after
Heap after GC invocations=50 (full 5):
 PSYoungGen      total 426496K, used 0K [0x00000000e0000000, 0x0000000100000000, 0x0000000100000000)
  eden space 425984K, 0% used [0x00000000e0000000,0x00000000e0000000,0x00000000fa000000)
  from space 512K, 0% used [0x00000000fa000000,0x00000000fa000000,0x00000000fa080000)
  to   space 49664K, 0% used [0x00000000fcf80000,0x00000000fcf80000,0x0000000100000000)
 ParOldGen       total 167424K, used 54170K [0x00000000a0000000, 0x00000000aa380000, 0x00000000e0000000)
  object space 167424K, 32% used [0x00000000a0000000,0x00000000a34e6828,0x00000000aa380000)
 Metaspace       used 79425K, capacity 85182K, committed 87552K, reserved 1126400K
  class space    used 9937K, capacity 10694K, committed 11264K, reserved 1048576K
}

