# JRE version: OpenJDK Runtime Environment (8.0_112-b06) (build 1.8.0_112-release-b06)
# Java VM: OpenJDK 64-Bit Server VM (25.112-b06 mixed mode windows-amd64 compressed oops)
Heap:
 PSYoungGen      total 330240K, used 288362K [0x00000000e0000000, 0x00000000f5a80000, 0x0000000100000000)
  eden space 317952K, 89% used [0x00000000e0000000,0x00000000f147a858,0x00000000f3680000)
  from space 12288K, 42% used [0x00000000f4e80000,0x00000000f53a0140,0x00000000f5a80000)
  to   space 18432K, 0% used [0x00000000f3680000,0x00000000f3680000,0x00000000f4880000)
 ParOldGen       total 124928K, used 48151K [0x00000000a0000000, 0x00000000a7a00000, 0x00000000e0000000)
  object space 124928K, 38% used [0x00000000a0000000,0x00000000a2f05c68,0x00000000a7a00000)
 Metaspace       used 62137K, capacity 65180K, committed 65240K, reserved 1105920K
  class space    used 8319K, capacity 8937K, committed 8960K, reserved 1048576K
GC Heap History (10 events):
Event: 43.878 GC heap before
{Heap before GC invocations=15 (full 2):
 PSYoungGen      total 170496K, used 170044K [0x00000000e0000000, 0x00000000eb600000, 0x0000000100000000)
  eden space 157696K, 100% used [0x00000000e0000000,0x00000000e9a00000,0x00000000e9a00000)
  from space 12800K, 96% used [0x00000000ea900000,0x00000000eb50f180,0x00000000eb580000)
  to   space 14336K, 0% used [0x00000000e9a00000,0x00000000e9a00000,0x00000000ea800000)
 ParOldGen       total 79872K, used 23107K [0x00000000a0000000, 0x00000000a4e00000, 0x00000000e0000000)
  object space 79872K, 28% used [0x00000000a0000000,0x00000000a1690fa8,0x00000000a4e00000)
 Metaspace       used 53833K, capacity 56094K, committed 56192K, reserved 1097728K
  class space    used 7326K, capacity 7798K, committed 7808K, reserved 1048576K
Event: 45.742 GC heap after
Heap after GC invocations=15 (full 2):
 PSYoungGen      total 172032K, used 14320K [0x00000000e0000000, 0x00000000f0800000, 0x0000000100000000)
  eden space 157696K, 0% used [0x00000000e0000000,0x00000000e0000000,0x00000000e9a00000)
  from space 14336K, 99% used [0x00000000e9a00000,0x00000000ea7fc030,0x00000000ea800000)
  to   space 19968K, 0% used [0x00000000ef480000,0x00000000ef480000,0x00000000f0800000)
 ParOldGen       total 79872K, used 33100K [0x00000000a0000000, 0x00000000a4e00000, 0x00000000e0000000)
  object space 79872K, 41% used [0x00000000a0000000,0x00000000a2053060,0x00000000a4e00000)
 Metaspace       used 53833K, capacity 56094K, committed 56192K, reserved 1097728K
  class space    used 7326K, capacity 7798K, committed 7808K, reserved 1048576K
}
Event: 364.741 GC heap before
{Heap before GC invocations=16 (full 2):
 PSYoungGen      total 172032K, used 152980K [0x00000000e0000000, 0x00000000f0800000, 0x0000000100000000)
  eden space 157696K, 87% used [0x00000000e0000000,0x00000000e8769288,0x00000000e9a00000)
  from space 14336K, 99% used [0x00000000e9a00000,0x00000000ea7fc030,0x00000000ea800000)
  to   space 19968K, 0% used [0x00000000ef480000,0x00000000ef480000,0x00000000f0800000)
 ParOldGen       total 79872K, used 33100K [0x00000000a0000000, 0x00000000a4e00000, 0x00000000e0000000)
  object space 79872K, 41% used [0x00000000a0000000,0x00000000a2053060,0x00000000a4e00000)
 Metaspace       used 56660K, capacity 59068K, committed 59096K, reserved 1099776K
  class space    used 7637K, capacity 8173K, committed 8192K, reserved 1048576K
Event: 364.787 GC heap after
Heap after GC invocations=16 (full 2):
 PSYoungGen      total 239104K, used 5376K [0x00000000e0000000, 0x00000000f0200000, 0x0000000100000000)
  eden space 225280K, 0% used [0x00000000e0000000,0x00000000e0000000,0x00000000edc00000)
  from space 13824K, 38% used [0x00000000ef480000,0x00000000ef9c0060,0x00000000f0200000)
  to   space 19456K, 0% used [0x00000000edc00000,0x00000000edc00000,0x00000000eef00000)
 ParOldGen       total 79872K, used 46257K [0x00000000a0000000, 0x00000000a4e00000, 0x00000000e0000000)
  object space 79872K, 57% used [0x00000000a0000000,0x00000000a2d2c720,0x00000000a4e00000)
 Metaspace       used 56660K, capacity 59068K, committed 59096K, reserved 1099776K
  class space    used 7637K, capacity 8173K, committed 8192K, reserved 1048576K
}
Event: 364.787 GC heap before
{Heap before GC invocations=17 (full 3):
 PSYoungGen      total 239104K, used 5376K [0x00000000e0000000, 0x00000000f0200000, 0x0000000100000000)
  eden space 225280K, 0% used [0x00000000e0000000,0x00000000e0000000,0x00000000edc00000)
  from space 13824K, 38% used [0x00000000ef480000,0x00000000ef9c0060,0x00000000f0200000)
  to   space 19456K, 0% used [0x00000000edc00000,0x00000000edc00000,0x00000000eef00000)
 ParOldGen       total 79872K, used 46257K [0x00000000a0000000, 0x00000000a4e00000, 0x00000000e0000000)
  object space 79872K, 57% used [0x00000000a0000000,0x00000000a2d2c720,0x00000000a4e00000)
 Metaspace       used 56660K, capacity 59068K, committed 59096K, reserved 1099776K
  class space    used 7637K, capacity 8173K, committed 8192K, reserved 1048576K
Event: 365.272 GC heap after
Heap after GC invocations=17 (full 3):
 PSYoungGen      total 239104K, used 0K [0x00000000e0000000, 0x00000000f0200000, 0x0000000100000000)
  eden space 225280K, 0% used [0x00000000e0000000,0x00000000e0000000,0x00000000edc00000)
  from space 13824K, 0% used [0x00000000ef480000,0x00000000ef480000,0x00000000f0200000)
  to   space 19456K, 0% used [0x00000000edc00000,0x00000000edc00000,0x00000000eef00000)
 ParOldGen       total 124928K, used 43227K [0x00000000a0000000, 0x00000000a7a00000, 0x00000000e0000000)
  object space 124928K, 34% used [0x00000000a0000000,0x00000000a2a36cb8,0x00000000a7a00000)
 Metaspace       used 56660K, capacity 59068K, committed 59096K, reserved 1099776K
  class space    used 7637K, capacity 8173K, committed 8192K, reserved 1048576K
}
Event: 373.762 GC heap before
{Heap before GC invocations=18 (full 3):
 PSYoungGen      total 239104K, used 225077K [0x00000000e0000000, 0x00000000f0200000, 0x0000000100000000)
  eden space 225280K, 99% used [0x00000000e0000000,0x00000000edbcd490,0x00000000edc00000)
  from space 13824K, 0% used [0x00000000ef480000,0x00000000ef480000,0x00000000f0200000)
  to   space 19456K, 0% used [0x00000000edc00000,0x00000000edc00000,0x00000000eef00000)
 ParOldGen       total 124928K, used 43227K [0x00000000a0000000, 0x00000000a7a00000, 0x00000000e0000000)
  object space 124928K, 34% used [0x00000000a0000000,0x00000000a2a36cb8,0x00000000a7a00000)
 Metaspace       used 60180K, capacity 62878K, committed 63192K, reserved 1103872K
  class space    used 8076K, capacity 8620K, committed 8704K, reserved 1048576K
Event: 373.780 GC heap after
Heap after GC invocations=18 (full 3):
 PSYoungGen      total 244736K, used 8512K [0x00000000e0000000, 0x00000000f6080000, 0x0000000100000000)
  eden space 225280K, 0% used [0x00000000e0000000,0x00000000e0000000,0x00000000edc00000)
  from space 19456K, 43% used [0x00000000edc00000,0x00000000ee450390,0x00000000eef00000)
  to   space 18432K, 0% used [0x00000000f4e80000,0x00000000f4e80000,0x00000000f6080000)
 ParOldGen       total 124928K, used 43235K [0x00000000a0000000, 0x00000000a7a00000, 0x00000000e0000000)
  object space 124928K, 34% used [0x00000000a0000000,0x00000000a2a38cb8,0x00000000a7a00000)
 Metaspace       used 60180K, capacity 62878K, committed 63192K, reserved 1103872K
  class space    used 8076K, capacity 8620K, committed 8704K, reserved 1048576K
}
Event: 375.781 GC heap before
{Heap before GC invocations=19 (full 3):
 PSYoungGen      total 244736K, used 233593K [0x00000000e0000000, 0x00000000f6080000, 0x0000000100000000)
  eden space 225280K, 99% used [0x00000000e0000000,0x00000000edbce1c8,0x00000000edc00000)
  from space 19456K, 43% used [0x00000000edc00000,0x00000000ee450390,0x00000000eef00000)
  to   space 18432K, 0% used [0x00000000f4e80000,0x00000000f4e80000,0x00000000f6080000)
 ParOldGen       total 124928K, used 43235K [0x00000000a0000000, 0x00000000a7a00000, 0x00000000e0000000)
  object space 124928K, 34% used [0x00000000a0000000,0x00000000a2a38cb8,0x00000000a7a00000)
 Metaspace       used 61524K, capacity 64380K, committed 64600K, reserved 1105920K
  class space    used 8264K, capacity 8823K, committed 8832K, reserved 1048576K
Event: 375.796 GC heap after
Heap after GC invocations=19 (full 3):
 PSYoungGen      total 330240K, used 5248K [0x00000000e0000000, 0x00000000f5a80000, 0x0000000100000000)
  eden space 317952K, 0% used [0x00000000e0000000,0x00000000e0000000,0x00000000f3680000)
  from space 12288K, 42% used [0x00000000f4e80000,0x00000000f53a0140,0x00000000f5a80000)
  to   space 18432K, 0% used [0x00000000f3680000,0x00000000f3680000,0x00000000f4880000)
 ParOldGen       total 124928K, used 48151K [0x00000000a0000000, 0x00000000a7a00000, 0x00000000e0000000)
  object space 124928K, 38% used [0x00000000a0000000,0x00000000a2f05c68,0x00000000a7a00000)
 Metaspace       used 61524K, capacity 64380K, committed 64600K, reserved 1105920K
  class space    used 8264K, capacity 8823K, committed 8832K, reserved 1048576K
}

